<component name="libraryTable">
  <library name="junit-jupiter-api-5.0.0">
    <CLASSES>
      <root url="jar://D:/SSM-JAR/junit-jupiter-api-5.0.0.jar!/" />
    </CLASSES>
    <JAVADOC />
    <SOURCES />
  </library>
</component>